<?xml version="1.0" encoding="UTF-8"?>
<!-- Generated by org.testng.reporters.JUnitReportReporter -->
<testsuite skipped="0" hostname="EBHVR04-03" name="sa.KeywardDriven.TestRunner" tests="1" failures="0" timestamp="18 Aug 2017 04:12:31 GMT" time="8.441" errors="0">
  <testcase name="test" time="8.441" classname="sa.KeywardDriven.TestRunner"/>
</testsuite> <!-- sa.KeywardDriven.TestRunner -->
